<?xml version="1.0" encoding="UTF-8"?>
<coverage generated="1546224745332" clover="3.2.0">
  <project timestamp="1546224745332" name="All files">
    <metrics statements="49" coveredstatements="48" conditionals="34" coveredconditionals="33" methods="15" coveredmethods="14" elements="98" coveredelements="95" complexity="0" loc="49" ncloc="49" packages="6" files="11" classes="11">
      <package name="src">
        <metrics statements="1" coveredstatements="1" conditionals="0" coveredconditionals="0" methods="0" coveredmethods="0"/>
        <file name="setupTests.js" path="/Users/lmbeatty/Documents/Projects/myRetail/src/setupTests.js">
          <metrics statements="1" coveredstatements="1" conditionals="0" coveredconditionals="0" methods="0" coveredmethods="0"/>
          <line num="5" count="5" type="stmt"/>
        </file>
      </package>
      <package name="src.components.carousel">
        <metrics statements="9" coveredstatements="8" conditionals="6" coveredconditionals="6" methods="3" coveredmethods="2"/>
        <file name="RetailCarousel.js" path="/Users/lmbeatty/Documents/Projects/myRetail/src/components/carousel/RetailCarousel.js">
          <metrics statements="5" coveredstatements="4" conditionals="6" coveredconditionals="6" methods="3" coveredmethods="2"/>
          <line num="12" count="0" type="stmt"/>
          <line num="18" count="2" type="stmt"/>
          <line num="19" count="2" type="stmt"/>
          <line num="20" count="2" type="stmt"/>
          <line num="43" count="2" type="stmt"/>
        </file>
        <file name="styles.js" path="/Users/lmbeatty/Documents/Projects/myRetail/src/components/carousel/styles.js">
          <metrics statements="4" coveredstatements="4" conditionals="0" coveredconditionals="0" methods="0" coveredmethods="0"/>
          <line num="2" count="1" type="stmt"/>
          <line num="3" count="1" type="stmt"/>
          <line num="5" count="1" type="stmt"/>
          <line num="59" count="1" type="stmt"/>
        </file>
      </package>
      <package name="src.components.highlights">
        <metrics statements="5" coveredstatements="5" conditionals="2" coveredconditionals="2" methods="2" coveredmethods="2"/>
        <file name="Highlights.js" path="/Users/lmbeatty/Documents/Projects/myRetail/src/components/highlights/Highlights.js">
          <metrics statements="3" coveredstatements="3" conditionals="2" coveredconditionals="2" methods="2" coveredmethods="2"/>
          <line num="5" count="2" type="stmt"/>
          <line num="6" count="2" type="stmt"/>
          <line num="12" count="10" type="stmt"/>
        </file>
        <file name="styles.js" path="/Users/lmbeatty/Documents/Projects/myRetail/src/components/highlights/styles.js">
          <metrics statements="2" coveredstatements="2" conditionals="0" coveredconditionals="0" methods="0" coveredmethods="0"/>
          <line num="3" count="1" type="stmt"/>
          <line num="11" count="1" type="stmt"/>
        </file>
      </package>
      <package name="src.components.offers">
        <metrics statements="5" coveredstatements="5" conditionals="2" coveredconditionals="2" methods="2" coveredmethods="2"/>
        <file name="Offers.js" path="/Users/lmbeatty/Documents/Projects/myRetail/src/components/offers/Offers.js">
          <metrics statements="3" coveredstatements="3" conditionals="2" coveredconditionals="2" methods="2" coveredmethods="2"/>
          <line num="6" count="2" type="stmt"/>
          <line num="7" count="2" type="stmt"/>
          <line num="13" count="2" type="stmt"/>
        </file>
        <file name="styles.js" path="/Users/lmbeatty/Documents/Projects/myRetail/src/components/offers/styles.js">
          <metrics statements="2" coveredstatements="2" conditionals="0" coveredconditionals="0" methods="0" coveredmethods="0"/>
          <line num="3" count="1" type="stmt"/>
          <line num="6" count="1" type="stmt"/>
        </file>
      </package>
      <package name="src.components.order">
        <metrics statements="11" coveredstatements="11" conditionals="14" coveredconditionals="14" methods="3" coveredmethods="3"/>
        <file name="Order.js" path="/Users/lmbeatty/Documents/Projects/myRetail/src/components/order/Order.js">
          <metrics statements="5" coveredstatements="5" conditionals="14" coveredconditionals="14" methods="3" coveredmethods="3"/>
          <line num="10" count="6" type="cond" truecount="2" falsecount="0"/>
          <line num="20" count="1" type="stmt"/>
          <line num="26" count="11" type="stmt"/>
          <line num="27" count="11" type="stmt"/>
          <line num="28" count="11" type="stmt"/>
        </file>
        <file name="styles.js" path="/Users/lmbeatty/Documents/Projects/myRetail/src/components/order/styles.js">
          <metrics statements="6" coveredstatements="6" conditionals="0" coveredconditionals="0" methods="0" coveredmethods="0"/>
          <line num="3" count="1" type="stmt"/>
          <line num="21" count="1" type="stmt"/>
          <line num="25" count="1" type="stmt"/>
          <line num="56" count="1" type="stmt"/>
          <line num="86" count="1" type="stmt"/>
          <line num="110" count="1" type="stmt"/>
        </file>
      </package>
      <package name="src.components.reviews">
        <metrics statements="18" coveredstatements="18" conditionals="10" coveredconditionals="9" methods="5" coveredmethods="5"/>
        <file name="Reviews.js" path="/Users/lmbeatty/Documents/Projects/myRetail/src/components/reviews/Reviews.js">
          <metrics statements="13" coveredstatements="13" conditionals="10" coveredconditionals="9" methods="5" coveredmethods="5"/>
          <line num="6" count="3" type="stmt"/>
          <line num="7" count="3" type="stmt"/>
          <line num="8" count="3" type="stmt"/>
          <line num="9" count="3" type="stmt"/>
          <line num="10" count="3" type="stmt"/>
          <line num="12" count="3" type="stmt"/>
          <line num="13" count="3" type="stmt"/>
          <line num="17" count="3" type="stmt"/>
          <line num="18" count="3" type="stmt"/>
          <line num="20" count="3" type="stmt"/>
          <line num="27" count="5" type="cond" truecount="2" falsecount="0"/>
          <line num="66" count="5" type="cond" truecount="1" falsecount="1"/>
          <line num="94" count="5" type="cond" truecount="2" falsecount="0"/>
        </file>
        <file name="styles.js" path="/Users/lmbeatty/Documents/Projects/myRetail/src/components/reviews/styles.js">
          <metrics statements="5" coveredstatements="5" conditionals="0" coveredconditionals="0" methods="0" coveredmethods="0"/>
          <line num="2" count="1" type="stmt"/>
          <line num="5" count="1" type="stmt"/>
          <line num="45" count="1" type="stmt"/>
          <line num="76" count="1" type="stmt"/>
          <line num="80" count="1" type="stmt"/>
        </file>
      </package>
    </metrics>
  </project>
</coverage>
