{"/Users/lmbeatty/Documents/Projects/myRetail/src/setupTests.js": {"path":"/Users/lmbeatty/Documents/Projects/myRetail/src/setupTests.js","statementMap":{"0":{"start":{"line":5,"column":0},"end":{"line":5,"column":45}}},"fnMap":{},"branchMap":{},"s":{"0":5},"f":{},"b":{},"_coverageSchema":"332fd63041d2c1bcb487cc26dd0d5f7d97098a6c","hash":"5fa3b5db33e7ea0f758c6ca67cfce2ef3708012f"}
,"/Users/lmbeatty/Documents/Projects/myRetail/src/components/carousel/RetailCarousel.js": {"path":"/Users/lmbeatty/Documents/Projects/myRetail/src/components/carousel/RetailCarousel.js","statementMap":{"0":{"start":{"line":12,"column":4},"end":{"line":14,"column":7}},"1":{"start":{"line":18,"column":23},"end":{"line":18,"column":33}},"2":{"start":{"line":19,"column":27},"end":{"line":19,"column":37}},"3":{"start":{"line":20,"column":4},"end":{"line":57,"column":6}},"4":{"start":{"line":43,"column":14},"end":{"line":52,"column":16}}},"fnMap":{"0":{"name":"(anonymous_0)","decl":{"start":{"line":11,"column":21},"end":{"line":11,"column":22}},"loc":{"start":{"line":11,"column":30},"end":{"line":15,"column":3}},"line":11},"1":{"name":"(anonymous_1)","decl":{"start":{"line":17,"column":2},"end":{"line":17,"column":3}},"loc":{"start":{"line":17,"column":11},"end":{"line":58,"column":3}},"line":17},"2":{"name":"(anonymous_2)","decl":{"start":{"line":41,"column":24},"end":{"line":41,"column":25}},"loc":{"start":{"line":43,"column":14},"end":{"line":52,"column":16}},"line":43}},"branchMap":{"0":{"loc":{"start":{"line":22,"column":9},"end":{"line":27,"column":9}},"type":"binary-expr","locations":[{"start":{"line":22,"column":9},"end":{"line":22,"column":15}},{"start":{"line":23,"column":10},"end":{"line":26,"column":12}}],"line":22},"1":{"loc":{"start":{"line":32,"column":9},"end":{"line":55,"column":9}},"type":"binary-expr","locations":[{"start":{"line":32,"column":9},"end":{"line":32,"column":15}},{"start":{"line":33,"column":10},"end":{"line":54,"column":21}}],"line":32},"2":{"loc":{"start":{"line":51,"column":27},"end":{"line":51,"column":63}},"type":"cond-expr","locations":[{"start":{"line":51,"column":50},"end":{"line":51,"column":58}},{"start":{"line":51,"column":61},"end":{"line":51,"column":63}}],"line":51}},"s":{"0":0,"1":2,"2":2,"3":2,"4":2},"f":{"0":0,"1":2,"2":2},"b":{"0":[2,1],"1":[2,1],"2":[1,1]},"_coverageSchema":"332fd63041d2c1bcb487cc26dd0d5f7d97098a6c","hash":"08c71bfea11f67bb00cd81b5fc7700737f153d56"}
,"/Users/lmbeatty/Documents/Projects/myRetail/src/components/carousel/styles.js": {"path":"/Users/lmbeatty/Documents/Projects/myRetail/src/components/carousel/styles.js","statementMap":{"0":{"start":{"line":2,"column":18},"end":{"line":2,"column":65}},"1":{"start":{"line":3,"column":19},"end":{"line":3,"column":67}},"2":{"start":{"line":5,"column":28},"end":{"line":58,"column":1}},"3":{"start":{"line":59,"column":25},"end":{"line":62,"column":1}}},"fnMap":{},"branchMap":{},"s":{"0":1,"1":1,"2":1,"3":1},"f":{},"b":{},"_coverageSchema":"332fd63041d2c1bcb487cc26dd0d5f7d97098a6c","hash":"be04d280b81d5c34593fb37e05dc226d488983ed"}
,"/Users/lmbeatty/Documents/Projects/myRetail/src/components/highlights/Highlights.js": {"path":"/Users/lmbeatty/Documents/Projects/myRetail/src/components/highlights/Highlights.js","statementMap":{"0":{"start":{"line":5,"column":27},"end":{"line":5,"column":37}},"1":{"start":{"line":6,"column":4},"end":{"line":17,"column":6}},"2":{"start":{"line":12,"column":14},"end":{"line":12,"column":80}}},"fnMap":{"0":{"name":"(anonymous_0)","decl":{"start":{"line":4,"column":2},"end":{"line":4,"column":3}},"loc":{"start":{"line":4,"column":11},"end":{"line":18,"column":3}},"line":4},"1":{"name":"(anonymous_1)","decl":{"start":{"line":11,"column":28},"end":{"line":11,"column":29}},"loc":{"start":{"line":12,"column":14},"end":{"line":12,"column":80}},"line":12}},"branchMap":{"0":{"loc":{"start":{"line":9,"column":9},"end":{"line":15,"column":9}},"type":"binary-expr","locations":[{"start":{"line":9,"column":9},"end":{"line":9,"column":19}},{"start":{"line":10,"column":10},"end":{"line":14,"column":30}}],"line":9}},"s":{"0":2,"1":2,"2":10},"f":{"0":2,"1":10},"b":{"0":[2,1]},"_coverageSchema":"332fd63041d2c1bcb487cc26dd0d5f7d97098a6c","hash":"77894bc0a9b0241a4695cb1f989fad627cb499a4"}
,"/Users/lmbeatty/Documents/Projects/myRetail/src/components/highlights/styles.js": {"path":"/Users/lmbeatty/Documents/Projects/myRetail/src/components/highlights/styles.js","statementMap":{"0":{"start":{"line":3,"column":31},"end":{"line":10,"column":1}},"1":{"start":{"line":11,"column":26},"end":{"line":17,"column":1}}},"fnMap":{},"branchMap":{},"s":{"0":1,"1":1},"f":{},"b":{},"_coverageSchema":"332fd63041d2c1bcb487cc26dd0d5f7d97098a6c","hash":"9dab86bd84913fabb72a0a202a121026358a95aa"}
,"/Users/lmbeatty/Documents/Projects/myRetail/src/components/offers/Offers.js": {"path":"/Users/lmbeatty/Documents/Projects/myRetail/src/components/offers/Offers.js","statementMap":{"0":{"start":{"line":6,"column":23},"end":{"line":6,"column":33}},"1":{"start":{"line":7,"column":4},"end":{"line":22,"column":6}},"2":{"start":{"line":13,"column":14},"end":{"line":16,"column":19}}},"fnMap":{"0":{"name":"(anonymous_0)","decl":{"start":{"line":5,"column":2},"end":{"line":5,"column":3}},"loc":{"start":{"line":5,"column":11},"end":{"line":23,"column":3}},"line":5},"1":{"name":"(anonymous_1)","decl":{"start":{"line":12,"column":24},"end":{"line":12,"column":25}},"loc":{"start":{"line":13,"column":14},"end":{"line":16,"column":19}},"line":13}},"branchMap":{"0":{"loc":{"start":{"line":10,"column":9},"end":{"line":19,"column":9}},"type":"binary-expr","locations":[{"start":{"line":10,"column":9},"end":{"line":10,"column":15}},{"start":{"line":11,"column":10},"end":{"line":18,"column":26}}],"line":10}},"s":{"0":2,"1":2,"2":2},"f":{"0":2,"1":2},"b":{"0":[2,1]},"_coverageSchema":"332fd63041d2c1bcb487cc26dd0d5f7d97098a6c","hash":"d6ad1f090de6dca7e5f317eef90e9428d2449591"}
,"/Users/lmbeatty/Documents/Projects/myRetail/src/components/offers/styles.js": {"path":"/Users/lmbeatty/Documents/Projects/myRetail/src/components/offers/styles.js","statementMap":{"0":{"start":{"line":3,"column":20},"end":{"line":5,"column":1}},"1":{"start":{"line":6,"column":22},"end":{"line":19,"column":1}}},"fnMap":{},"branchMap":{},"s":{"0":1,"1":1},"f":{},"b":{},"_coverageSchema":"332fd63041d2c1bcb487cc26dd0d5f7d97098a6c","hash":"0d4a2e046a26bb8ac183ab329fb33727bb0490f4"}
,"/Users/lmbeatty/Documents/Projects/myRetail/src/components/order/Order.js": {"path":"/Users/lmbeatty/Documents/Projects/myRetail/src/components/order/Order.js","statementMap":{"0":{"start":{"line":10,"column":4},"end":{"line":16,"column":11}},"1":{"start":{"line":20,"column":4},"end":{"line":22,"column":7}},"2":{"start":{"line":26,"column":25},"end":{"line":26,"column":35}},"3":{"start":{"line":27,"column":26},"end":{"line":27,"column":36}},"4":{"start":{"line":28,"column":4},"end":{"line":83,"column":6}}},"fnMap":{"0":{"name":"(anonymous_0)","decl":{"start":{"line":9,"column":14},"end":{"line":9,"column":15}},"loc":{"start":{"line":9,"column":20},"end":{"line":17,"column":3}},"line":9},"1":{"name":"(anonymous_1)","decl":{"start":{"line":19,"column":14},"end":{"line":19,"column":15}},"loc":{"start":{"line":19,"column":20},"end":{"line":23,"column":3}},"line":19},"2":{"name":"(anonymous_2)","decl":{"start":{"line":25,"column":2},"end":{"line":25,"column":3}},"loc":{"start":{"line":25,"column":11},"end":{"line":84,"column":3}},"line":25}},"branchMap":{"0":{"loc":{"start":{"line":10,"column":4},"end":{"line":16,"column":10}},"type":"cond-expr","locations":[{"start":{"line":11,"column":8},"end":{"line":13,"column":10}},{"start":{"line":14,"column":8},"end":{"line":16,"column":10}}],"line":10},"1":{"loc":{"start":{"line":50,"column":13},"end":{"line":52,"column":20}},"type":"cond-expr","locations":[{"start":{"line":51,"column":14},"end":{"line":51,"column":67}},{"start":{"line":52,"column":16},"end":{"line":52,"column":20}}],"line":50},"2":{"loc":{"start":{"line":50,"column":13},"end":{"line":50,"column":51}},"type":"binary-expr","locations":[{"start":{"line":50,"column":13},"end":{"line":50,"column":30}},{"start":{"line":50,"column":34},"end":{"line":50,"column":51}}],"line":50},"3":{"loc":{"start":{"line":53,"column":13},"end":{"line":55,"column":20}},"type":"cond-expr","locations":[{"start":{"line":54,"column":14},"end":{"line":54,"column":66}},{"start":{"line":55,"column":16},"end":{"line":55,"column":20}}],"line":53},"4":{"loc":{"start":{"line":53,"column":13},"end":{"line":53,"column":51}},"type":"binary-expr","locations":[{"start":{"line":53,"column":13},"end":{"line":53,"column":30}},{"start":{"line":53,"column":34},"end":{"line":53,"column":51}}],"line":53},"5":{"loc":{"start":{"line":57,"column":11},"end":{"line":66,"column":18}},"type":"cond-expr","locations":[{"start":{"line":58,"column":12},"end":{"line":65,"column":16}},{"start":{"line":66,"column":14},"end":{"line":66,"column":18}}],"line":57},"6":{"loc":{"start":{"line":57,"column":11},"end":{"line":57,"column":49}},"type":"binary-expr","locations":[{"start":{"line":57,"column":11},"end":{"line":57,"column":28}},{"start":{"line":57,"column":32},"end":{"line":57,"column":49}}],"line":57}},"s":{"0":6,"1":1,"2":11,"3":11,"4":11},"f":{"0":6,"1":1,"2":11},"b":{"0":[3,3],"1":[1,10],"2":[11,10],"3":[1,10],"4":[11,10],"5":[1,10],"6":[11,10]},"_coverageSchema":"332fd63041d2c1bcb487cc26dd0d5f7d97098a6c","hash":"2601164862be7313bcf3b2d0120fa49bb62f77c1"}
,"/Users/lmbeatty/Documents/Projects/myRetail/src/components/order/styles.js": {"path":"/Users/lmbeatty/Documents/Projects/myRetail/src/components/order/styles.js","statementMap":{"0":{"start":{"line":3,"column":21},"end":{"line":19,"column":1}},"1":{"start":{"line":21,"column":25},"end":{"line":23,"column":1}},"2":{"start":{"line":25,"column":24},"end":{"line":54,"column":1}},"3":{"start":{"line":56,"column":36},"end":{"line":85,"column":1}},"4":{"start":{"line":86,"column":23},"end":{"line":109,"column":1}},"5":{"start":{"line":110,"column":37},"end":{"line":124,"column":1}}},"fnMap":{},"branchMap":{},"s":{"0":1,"1":1,"2":1,"3":1,"4":1,"5":1},"f":{},"b":{},"_coverageSchema":"332fd63041d2c1bcb487cc26dd0d5f7d97098a6c","hash":"4dbe8efb56b386d340dfaa0d3301c1c86574e7af"}
,"/Users/lmbeatty/Documents/Projects/myRetail/src/components/reviews/Reviews.js": {"path":"/Users/lmbeatty/Documents/Projects/myRetail/src/components/reviews/Reviews.js","statementMap":{"0":{"start":{"line":6,"column":18},"end":{"line":6,"column":20}},"1":{"start":{"line":7,"column":18},"end":{"line":7,"column":34}},"2":{"start":{"line":8,"column":4},"end":{"line":8,"column":26}},"3":{"start":{"line":9,"column":17},"end":{"line":9,"column":35}},"4":{"start":{"line":10,"column":16},"end":{"line":10,"column":30}},"5":{"start":{"line":12,"column":4},"end":{"line":12,"column":41}},"6":{"start":{"line":13,"column":4},"end":{"line":13,"column":19}},"7":{"start":{"line":17,"column":24},"end":{"line":17,"column":34}},"8":{"start":{"line":18,"column":23},"end":{"line":18,"column":38}},"9":{"start":{"line":20,"column":4},"end":{"line":122,"column":6}},"10":{"start":{"line":27,"column":18},"end":{"line":39,"column":19}},"11":{"start":{"line":66,"column":20},"end":{"line":79,"column":21}},"12":{"start":{"line":94,"column":20},"end":{"line":106,"column":21}}},"fnMap":{"0":{"name":"(anonymous_0)","decl":{"start":{"line":5,"column":19},"end":{"line":5,"column":20}},"loc":{"start":{"line":5,"column":27},"end":{"line":14,"column":3}},"line":5},"1":{"name":"(anonymous_1)","decl":{"start":{"line":16,"column":2},"end":{"line":16,"column":3}},"loc":{"start":{"line":16,"column":11},"end":{"line":123,"column":3}},"line":16},"2":{"name":"(anonymous_2)","decl":{"start":{"line":26,"column":32},"end":{"line":26,"column":33}},"loc":{"start":{"line":27,"column":18},"end":{"line":39,"column":19}},"line":27},"3":{"name":"(anonymous_3)","decl":{"start":{"line":65,"column":34},"end":{"line":65,"column":35}},"loc":{"start":{"line":66,"column":20},"end":{"line":79,"column":21}},"line":66},"4":{"name":"(anonymous_4)","decl":{"start":{"line":93,"column":34},"end":{"line":93,"column":35}},"loc":{"start":{"line":94,"column":20},"end":{"line":106,"column":21}},"line":94}},"branchMap":{"0":{"loc":{"start":{"line":22,"column":9},"end":{"line":48,"column":9}},"type":"binary-expr","locations":[{"start":{"line":22,"column":9},"end":{"line":22,"column":16}},{"start":{"line":23,"column":10},"end":{"line":47,"column":33}}],"line":22},"1":{"loc":{"start":{"line":27,"column":18},"end":{"line":39,"column":19}},"type":"cond-expr","locations":[{"start":{"line":28,"column":20},"end":{"line":32,"column":22}},{"start":{"line":34,"column":20},"end":{"line":38,"column":22}}],"line":27},"2":{"loc":{"start":{"line":49,"column":9},"end":{"line":120,"column":9}},"type":"binary-expr","locations":[{"start":{"line":49,"column":9},"end":{"line":49,"column":16}},{"start":{"line":50,"column":10},"end":{"line":119,"column":30}}],"line":49},"3":{"loc":{"start":{"line":66,"column":20},"end":{"line":79,"column":21}},"type":"cond-expr","locations":[{"start":{"line":67,"column":22},"end":{"line":72,"column":24}},{"start":{"line":74,"column":22},"end":{"line":78,"column":24}}],"line":66},"4":{"loc":{"start":{"line":94,"column":20},"end":{"line":106,"column":21}},"type":"cond-expr","locations":[{"start":{"line":95,"column":22},"end":{"line":99,"column":24}},{"start":{"line":101,"column":22},"end":{"line":105,"column":24}}],"line":94}},"s":{"0":3,"1":3,"2":3,"3":3,"4":3,"5":3,"6":3,"7":3,"8":3,"9":3,"10":5,"11":5,"12":5},"f":{"0":3,"1":3,"2":5,"3":5,"4":5},"b":{"0":[3,1],"1":[4,1],"2":[3,1],"3":[5,0],"4":[1,4]},"_coverageSchema":"332fd63041d2c1bcb487cc26dd0d5f7d97098a6c","hash":"b69bf8ca190aa48f660d70c4bfad52c384f1a7fa"}
,"/Users/lmbeatty/Documents/Projects/myRetail/src/components/reviews/styles.js": {"path":"/Users/lmbeatty/Documents/Projects/myRetail/src/components/reviews/styles.js","statementMap":{"0":{"start":{"line":2,"column":29},"end":{"line":4,"column":1}},"1":{"start":{"line":5,"column":29},"end":{"line":43,"column":1}},"2":{"start":{"line":45,"column":26},"end":{"line":75,"column":1}},"3":{"start":{"line":76,"column":37},"end":{"line":79,"column":1}},"4":{"start":{"line":80,"column":22},"end":{"line":123,"column":1}}},"fnMap":{},"branchMap":{},"s":{"0":1,"1":1,"2":1,"3":1,"4":1},"f":{},"b":{},"_coverageSchema":"332fd63041d2c1bcb487cc26dd0d5f7d97098a6c","hash":"b2e2f396c80f51e96d9f7eb8f3e9c99997dfc2de"}
}
