TN:
SF:/Users/lmbeatty/Documents/Projects/myRetail/src/components/highlights/Highlights.js
FN:4,(anonymous_0)
FN:11,(anonymous_1)
FNF:2
FNH:2
FNDA:2,(anonymous_0)
FNDA:10,(anonymous_1)
DA:5,2
DA:6,2
DA:12,10
LF:3
LH:3
BRDA:9,0,0,2
BRDA:9,0,1,1
BRF:2
BRH:2
end_of_record
TN:
SF:/Users/lmbeatty/Documents/Projects/myRetail/src/components/highlights/styles.js
FNF:0
FNH:0
DA:3,1
DA:11,1
LF:2
LH:2
BRF:0
BRH:0
end_of_record
TN:
SF:/Users/lmbeatty/Documents/Projects/myRetail/src/components/offers/Offers.js
FN:5,(anonymous_0)
FN:12,(anonymous_1)
FNF:2
FNH:2
FNDA:2,(anonymous_0)
FNDA:2,(anonymous_1)
DA:6,2
DA:7,2
DA:13,2
LF:3
LH:3
BRDA:10,0,0,2
BRDA:10,0,1,1
BRF:2
BRH:2
end_of_record
TN:
SF:/Users/lmbeatty/Documents/Projects/myRetail/src/components/offers/styles.js
FNF:0
FNH:0
DA:3,1
DA:6,1
LF:2
LH:2
BRF:0
BRH:0
end_of_record
TN:
SF:/Users/lmbeatty/Documents/Projects/myRetail/src/components/order/Order.js
FN:9,(anonymous_0)
FN:19,(anonymous_1)
FN:25,(anonymous_2)
FNF:3
FNH:3
FNDA:6,(anonymous_0)
FNDA:1,(anonymous_1)
FNDA:11,(anonymous_2)
DA:10,6
DA:20,1
DA:26,11
DA:27,11
DA:28,11
LF:5
LH:5
BRDA:10,0,0,3
BRDA:10,0,1,3
BRDA:50,1,0,1
BRDA:50,1,1,10
BRDA:50,2,0,11
BRDA:50,2,1,10
BRDA:53,3,0,1
BRDA:53,3,1,10
BRDA:53,4,0,11
BRDA:53,4,1,10
BRDA:57,5,0,1
BRDA:57,5,1,10
BRDA:57,6,0,11
BRDA:57,6,1,10
BRF:14
BRH:14
end_of_record
TN:
SF:/Users/lmbeatty/Documents/Projects/myRetail/src/components/order/styles.js
FNF:0
FNH:0
DA:3,1
DA:21,1
DA:25,1
DA:56,1
DA:86,1
DA:110,1
LF:6
LH:6
BRF:0
BRH:0
end_of_record
TN:
SF:/Users/lmbeatty/Documents/Projects/myRetail/src/components/retailCarousel/RetailCarousel.js
FN:11,(anonymous_0)
FN:17,(anonymous_1)
FN:41,(anonymous_2)
FNF:3
FNH:2
FNDA:0,(anonymous_0)
FNDA:2,(anonymous_1)
FNDA:2,(anonymous_2)
DA:12,0
DA:18,2
DA:19,2
DA:20,2
DA:43,2
LF:5
LH:4
BRDA:22,0,0,2
BRDA:22,0,1,1
BRDA:32,1,0,2
BRDA:32,1,1,1
BRDA:51,2,0,1
BRDA:51,2,1,1
BRF:6
BRH:6
end_of_record
TN:
SF:/Users/lmbeatty/Documents/Projects/myRetail/src/components/retailCarousel/styles.js
FNF:0
FNH:0
DA:2,1
DA:3,1
DA:5,1
DA:59,1
LF:4
LH:4
BRF:0
BRH:0
end_of_record
TN:
SF:/Users/lmbeatty/Documents/Projects/myRetail/src/components/reviews/Reviews.js
FN:5,(anonymous_0)
FN:16,(anonymous_1)
FN:26,(anonymous_2)
FN:65,(anonymous_3)
FN:93,(anonymous_4)
FNF:5
FNH:5
FNDA:3,(anonymous_0)
FNDA:3,(anonymous_1)
FNDA:5,(anonymous_2)
FNDA:5,(anonymous_3)
FNDA:5,(anonymous_4)
DA:6,3
DA:7,3
DA:8,3
DA:9,3
DA:10,3
DA:12,3
DA:13,3
DA:17,3
DA:18,3
DA:20,3
DA:27,5
DA:66,5
DA:94,5
LF:13
LH:13
BRDA:22,0,0,3
BRDA:22,0,1,1
BRDA:27,1,0,4
BRDA:27,1,1,1
BRDA:49,2,0,3
BRDA:49,2,1,1
BRDA:66,3,0,5
BRDA:66,3,1,0
BRDA:94,4,0,1
BRDA:94,4,1,4
BRF:10
BRH:9
end_of_record
TN:
SF:/Users/lmbeatty/Documents/Projects/myRetail/src/components/reviews/styles.js
FNF:0
FNH:0
DA:2,1
DA:5,1
DA:45,1
DA:76,1
DA:80,1
LF:5
LH:5
BRF:0
BRH:0
end_of_record
