TN:
SF:/Users/lmbeatty/Documents/Projects/myRetail/src/setupTests.js
FNF:0
FNH:0
DA:5,5
LF:1
LH:1
BRF:0
BRH:0
end_of_record
TN:
SF:/Users/lmbeatty/Documents/Projects/myRetail/src/components/carousel/RetailCarousel.js
FN:11,(anonymous_0)
FN:17,(anonymous_1)
FN:41,(anonymous_2)
FNF:3
FNH:2
FNDA:0,(anonymous_0)
FNDA:2,(anonymous_1)
FNDA:2,(anonymous_2)
DA:12,0
DA:18,2
DA:19,2
DA:20,2
DA:43,2
LF:5
LH:4
BRDA:22,0,0,2
BRDA:22,0,1,1
BRDA:32,1,0,2
BRDA:32,1,1,1
BRDA:50,2,0,1
BRDA:50,2,1,1
BRF:6
BRH:6
end_of_record
TN:
SF:/Users/lmbeatty/Documents/Projects/myRetail/src/components/carousel/styles.js
FNF:0
FNH:0
DA:2,1
DA:3,1
DA:5,1
DA:59,1
LF:4
LH:4
BRF:0
BRH:0
end_of_record
TN:
SF:/Users/lmbeatty/Documents/Projects/myRetail/src/components/highlights/Highlights.js
FN:4,(anonymous_0)
FN:11,(anonymous_1)
FNF:2
FNH:1
FNDA:1,(anonymous_0)
FNDA:0,(anonymous_1)
DA:5,1
DA:6,1
DA:12,0
LF:3
LH:2
BRDA:9,0,0,1
BRDA:9,0,1,0
BRF:2
BRH:1
end_of_record
TN:
SF:/Users/lmbeatty/Documents/Projects/myRetail/src/components/highlights/styles.js
FNF:0
FNH:0
DA:3,1
DA:11,1
LF:2
LH:2
BRF:0
BRH:0
end_of_record
TN:
SF:/Users/lmbeatty/Documents/Projects/myRetail/src/components/offers/Offers.js
FN:5,(anonymous_0)
FN:12,(anonymous_1)
FNF:2
FNH:1
FNDA:1,(anonymous_0)
FNDA:0,(anonymous_1)
DA:6,1
DA:7,1
DA:13,0
LF:3
LH:2
BRDA:10,0,0,1
BRDA:10,0,1,0
BRF:2
BRH:1
end_of_record
TN:
SF:/Users/lmbeatty/Documents/Projects/myRetail/src/components/offers/styles.js
FNF:0
FNH:0
DA:3,1
DA:6,1
LF:2
LH:2
BRF:0
BRH:0
end_of_record
TN:
SF:/Users/lmbeatty/Documents/Projects/myRetail/src/components/order/Order.js
FN:9,(anonymous_0)
FN:19,(anonymous_1)
FN:25,(anonymous_2)
FNF:3
FNH:3
FNDA:6,(anonymous_0)
FNDA:1,(anonymous_1)
FNDA:10,(anonymous_2)
DA:10,6
DA:20,1
DA:26,10
DA:27,10
DA:28,10
LF:5
LH:5
BRDA:10,0,0,3
BRDA:10,0,1,3
BRDA:50,1,0,0
BRDA:50,1,1,10
BRDA:50,2,0,10
BRDA:50,2,1,10
BRDA:53,3,0,0
BRDA:53,3,1,10
BRDA:53,4,0,10
BRDA:53,4,1,10
BRDA:57,5,0,0
BRDA:57,5,1,10
BRDA:57,6,0,10
BRDA:57,6,1,10
BRF:14
BRH:11
end_of_record
TN:
SF:/Users/lmbeatty/Documents/Projects/myRetail/src/components/order/styles.js
FNF:0
FNH:0
DA:3,1
DA:21,1
DA:25,1
DA:56,1
DA:86,1
DA:110,1
LF:6
LH:6
BRF:0
BRH:0
end_of_record
TN:
SF:/Users/lmbeatty/Documents/Projects/myRetail/src/components/reviews/Reviews.js
FN:5,(anonymous_0)
FN:15,(anonymous_1)
FN:25,(anonymous_2)
FN:64,(anonymous_3)
FN:91,(anonymous_4)
FNF:5
FNH:2
FNDA:1,(anonymous_0)
FNDA:2,(anonymous_1)
FNDA:0,(anonymous_2)
FNDA:0,(anonymous_3)
FNDA:0,(anonymous_4)
DA:6,1
DA:7,1
DA:8,1
DA:9,1
DA:10,1
DA:12,1
DA:13,1
DA:16,2
DA:17,2
DA:19,2
DA:26,0
DA:65,0
DA:92,0
LF:13
LH:10
BRDA:21,0,0,2
BRDA:21,0,1,0
BRDA:26,1,0,0
BRDA:26,1,1,0
BRDA:48,2,0,2
BRDA:48,2,1,0
BRDA:65,3,0,0
BRDA:65,3,1,0
BRDA:92,4,0,0
BRDA:92,4,1,0
BRF:10
BRH:2
end_of_record
TN:
SF:/Users/lmbeatty/Documents/Projects/myRetail/src/components/reviews/styles.js
FNF:0
FNH:0
DA:2,1
DA:3,1
DA:40,1
DA:71,1
DA:75,1
LF:5
LH:5
BRF:0
BRH:0
end_of_record
